<?xml version="1.0" encoding="UTF-8"?>
<testng-results ignored="0" total="2" passed="2" failed="0" skipped="0">
  <reporter-output>
  </reporter-output>
  <suite started-at="2024-02-03T12:42:42 IST" name="Default suite" finished-at="2024-02-03T12:42:49 IST" duration-ms="6273">
    <groups>
    </groups>
    <test started-at="2024-02-03T12:42:42 IST" name="Default test" finished-at="2024-02-03T12:42:49 IST" duration-ms="6273">
      <class name="api_auto.HTTPSRequest">
        <test-method signature="getuser()[pri:1, instance:api_auto.HTTPSRequest@4310d43]" started-at="2024-02-03T12:42:43 IST" name="getuser" finished-at="2024-02-03T12:42:46 IST" duration-ms="3235" status="PASS">
          <reporter-output>
          </reporter-output>
        </test-method> <!-- getuser -->
        <test-method signature="createUser()[pri:2, instance:api_auto.HTTPSRequest@4310d43]" started-at="2024-02-03T12:42:46 IST" name="createUser" finished-at="2024-02-03T12:42:49 IST" duration-ms="2879" status="PASS">
          <reporter-output>
          </reporter-output>
        </test-method> <!-- createUser -->
      </class> <!-- api_auto.HTTPSRequest -->
    </test> <!-- Default test -->
  </suite> <!-- Default suite -->
</testng-results>
